<?xml version="1.0" encoding="UTF-8"?>
<!-- Generated by org.testng.reporters.JUnitReportReporter -->
<testsuite hostname="mamobarjos" failures="0" tests="10" name="mypackage.MyTestCases" time="31.202" errors="0" timestamp="2025-01-19T14:29:26 EET" skipped="8">
  <testcase classname="mypackage.MyTestCases" name="ClickFirstCompliteList" time="4.391"/>
  <system-out/>
  <testcase classname="mypackage.MyTestCases" name="RandomlySelect" time="26.811"/>
  <system-out/>
  <testcase classname="mypackage.MyTestCases" name="CheckQitafLogo">
    <skipped/>
  </testcase> <!-- CheckQitafLogo -->
  <system-out/>
  <testcase classname="mypackage.MyTestCases" name="CheckDepatureDate">
    <skipped/>
  </testcase> <!-- CheckDepatureDate -->
  <system-out/>
  <testcase classname="mypackage.MyTestCases" name="CheckMobileNumber">
    <skipped/>
  </testcase> <!-- CheckMobileNumber -->
  <system-out/>
  <testcase classname="mypackage.MyTestCases" name="HotelTapIsNotSelected">
    <skipped/>
  </testcase> <!-- HotelTapIsNotSelected -->
  <system-out/>
  <testcase classname="mypackage.MyTestCases" name="RandomlyCheckWebsiteLanguge">
    <skipped/>
  </testcase> <!-- RandomlyCheckWebsiteLanguge -->
  <system-out/>
  <testcase classname="mypackage.MyTestCases" name="CheckTheDefultCurrency">
    <skipped/>
  </testcase> <!-- CheckTheDefultCurrency -->
  <system-out/>
  <testcase classname="mypackage.MyTestCases" name="CheckReturnDate">
    <skipped/>
  </testcase> <!-- CheckReturnDate -->
  <system-out/>
  <testcase classname="mypackage.MyTestCases" name="CheckTheDefultLanguge">
    <skipped/>
  </testcase> <!-- CheckTheDefultLanguge -->
  <system-out/>
</testsuite> <!-- mypackage.MyTestCases -->
