<?xml version="1.0" encoding="UTF-8"?>
<!-- Generated by org.testng.reporters.JUnitReportReporter -->
<testsuite hostname="mamobarjos" failures="0" tests="7" name="mypackage.MyTestCases" time="0.112" errors="0" timestamp="2025-01-18T16:07:31 EET" skipped="6">
  <testcase classname="mypackage.MyTestCases" name="CheckReturnDate" time="0.112"/>
  <system-out/>
  <testcase classname="mypackage.MyTestCases" name="CheckQitafLogo">
    <skipped/>
  </testcase> <!-- CheckQitafLogo -->
  <system-out/>
  <testcase classname="mypackage.MyTestCases" name="CheckDepatureDate">
    <skipped/>
  </testcase> <!-- CheckDepatureDate -->
  <system-out/>
  <testcase classname="mypackage.MyTestCases" name="CheckMobileNumber">
    <skipped/>
  </testcase> <!-- CheckMobileNumber -->
  <system-out/>
  <testcase classname="mypackage.MyTestCases" name="HotelTapIsNotSelected">
    <skipped/>
  </testcase> <!-- HotelTapIsNotSelected -->
  <system-out/>
  <testcase classname="mypackage.MyTestCases" name="CheckTheDefultCurrency">
    <skipped/>
  </testcase> <!-- CheckTheDefultCurrency -->
  <system-out/>
  <testcase classname="mypackage.MyTestCases" name="CheckTheDefultLanguge">
    <skipped/>
  </testcase> <!-- CheckTheDefultLanguge -->
  <system-out/>
</testsuite> <!-- mypackage.MyTestCases -->
